<?xml version="1.0" encoding="UTF-8"?>
<!-- Generated by org.testng.reporters.JUnitXMLReporter -->
<testsuite ignored="0" hostname="Shanjida" failures="0" tests="2" name="Default test" time="14.234" errors="0" timestamp="2022-05-09T21:15:59 EDT">
  <testcase classname="com.selenium.method.testing.C02_use_of_isEnabled_method" name="loginButtonTest" time="0.053"/>
  <testcase classname="com.selenium.method.testing.C02_use_of_isEnabled_method" name="newUserRegistrationTest" time="0.036"/>
</testsuite> <!-- Default test -->
